<?xml version="1.0" encoding="UTF-8"?>
<!-- Generated by org.testng.reporters.JUnitReportReporter -->
<testsuite hostname="DESKTOP-U4NKN17" failures="0" tests="1" name="InternetLogin" time="14.966" errors="0" timestamp="2020-07-05T00:48:44 IST" skipped="0">
  <testcase classname="InternetLogin" name="MainTest" time="14.966"/>
  <system-out/>
</testsuite> <!-- InternetLogin -->
